<?xml version="1.0" encoding="UTF-8"?>
<testsuite xmlns:xsi="http://www.w3.org/2001/XMLSchema-instance" xsi:noNamespaceSchemaLocation="https://maven.apache.org/surefire/maven-surefire-plugin/xsd/surefire-test-report-3.0.xsd" version="3.0" name="TestSuite" time="42.002" tests="2" errors="0" skipped="0" failures="2">
  <properties>
[...]
</properties>
  <testcase name="launchBrower" classname="exercise3.info6105RegressionTest" time="0.227">
    <failure message="expected [Login Page] but found [HTTP Status 404 – Not Found]" type="java.lang.AssertionError">java.lang.AssertionError: expected [Login Page] but found [HTTP Status 404 – Not Found]
	at exercise3.info6105RegressionTest.launchBrower(info6105RegressionTest.java:26)
</failure>
    <system-err><![CDATA[SLF4J: Failed to load class "org.slf4j.impl.StaticLoggerBinder".
SLF4J: Defaulting to no-operation (NOP) logger implementation
SLF4J: See http://www.slf4j.org/codes.html#StaticLoggerBinder for further details.
Starting ChromeDriver 107.0.5304.62 (1eec40d3a5764881c92085aaee66d25075c159aa-refs/branch-heads/5304@{#942}) on port 52488
Only local connections are allowed.
Please see https://chromedriver.chromium.org/security-considerations for suggestions on keeping ChromeDriver safe.
ChromeDriver was started successfully.
Nov 25, 2022 9:07:46 PM org.openqa.selenium.remote.ProtocolHandshake createSession
INFO: Detected dialect: W3C
Nov 25, 2022 9:07:46 PM org.openqa.selenium.devtools.CdpVersionFinder findNearestMatch
WARNING: Unable to find an exact match for CDP version 107, so returning the closest version found: a no-op implementation
Nov 25, 2022 9:07:46 PM org.openqa.selenium.devtools.CdpVersionFinder findNearestMatch
INFO: Unable to find CDP implementation matching 107.
Nov 25, 2022 9:07:46 PM org.openqa.selenium.chromium.ChromiumDriver lambda$new$3
WARNING: Unable to find version of CDP to use for . You may need to include a dependency on a specific version of the CDP using something similar to `org.seleniumhq.selenium:selenium-devtools-v86:4.1.3` where the version ("v86") matches the version of the chromium-based browser you're using and the version number of the artifact is the same as Selenium's.
]]></system-err>
  </testcase>
  <testcase name="submit_form" classname="exercise3.info6105RegressionTest" time="30.089">
    <failure message="no such element: Unable to locate element: {&quot;method&quot;:&quot;css selector&quot;,&quot;selector&quot;:&quot;#user&quot;}&#10;  (Session info: chrome=107.0.5304.121)&#10;For documentation on this error, please visit: https://selenium.dev/exceptions/#no_such_element&#10;Build info: version: &apos;4.1.3&apos;, revision: &apos;7b1ebf28ef&apos;&#10;System info: host: &apos;MACHINE-ROG&apos;, ip: &apos;192.168.56.1&apos;, os.name: &apos;Windows 11&apos;, os.arch: &apos;amd64&apos;, os.version: &apos;10.0&apos;, java.version: &apos;11.0.16.1&apos;&#10;Driver info: org.openqa.selenium.chrome.ChromeDriver&#10;Command: [5d28bd93334860c0a3c37c128ac58107, findElement {using=id, value=user}]&#10;Capabilities {acceptInsecureCerts: false, browserName: chrome, browserVersion: 107.0.5304.121, chrome: {chromedriverVersion: 107.0.5304.62 (1eec40d3a576..., userDataDir: C:\WINDOWS\TEMP\scoped_dir2...}, goog:chromeOptions: {debuggerAddress: localhost:60898}, javascriptEnabled: true, networkConnectionEnabled: false, pageLoadStrategy: normal, platform: WINDOWS, platformName: WINDOWS, proxy: Proxy(), se:cdp: ws://localhost:60898/devtoo..., se:cdpVersion: 107.0.5304.121, setWindowRect: true, strictFileInteractability: false, timeouts: {implicit: 0, pageLoad: 300000, script: 30000}, unhandledPromptBehavior: dismiss and notify, webauthn:extension:credBlob: true, webauthn:extension:largeBlob: true, webauthn:virtualAuthenticators: true}&#10;Session ID: 5d28bd93334860c0a3c37c128ac58107" type="org.openqa.selenium.NoSuchElementException">org.openqa.selenium.NoSuchElementException: 
no such element: Unable to locate element: {"method":"css selector","selector":"#user"}
  (Session info: chrome=107.0.5304.121)
For documentation on this error, please visit: https://selenium.dev/exceptions/#no_such_element
Build info: version: '4.1.3', revision: '7b1ebf28ef'
System info: host: 'MACHINE-ROG', ip: '192.168.56.1', os.name: 'Windows 11', os.arch: 'amd64', os.version: '10.0', java.version: '11.0.16.1'
Driver info: org.openqa.selenium.chrome.ChromeDriver
Command: [5d28bd93334860c0a3c37c128ac58107, findElement {using=id, value=user}]
Capabilities {acceptInsecureCerts: false, browserName: chrome, browserVersion: 107.0.5304.121, chrome: {chromedriverVersion: 107.0.5304.62 (1eec40d3a576..., userDataDir: C:\WINDOWS\TEMP\scoped_dir2...}, goog:chromeOptions: {debuggerAddress: localhost:60898}, javascriptEnabled: true, networkConnectionEnabled: false, pageLoadStrategy: normal, platform: WINDOWS, platformName: WINDOWS, proxy: Proxy(), se:cdp: ws://localhost:60898/devtoo..., se:cdpVersion: 107.0.5304.121, setWindowRect: true, strictFileInteractability: false, timeouts: {implicit: 0, pageLoad: 300000, script: 30000}, unhandledPromptBehavior: dismiss and notify, webauthn:extension:credBlob: true, webauthn:extension:largeBlob: true, webauthn:virtualAuthenticators: true}
Session ID: 5d28bd93334860c0a3c37c128ac58107
	at exercise3.info6105RegressionTest.submit_form(info6105RegressionTest.java:36)
</failure>
  </testcase>
</testsuite>